<?xml version="1.0" encoding="UTF-8" ?>
<testsuite failures="0" time="0.053" errors="0" skipped="0" tests="9" name="org.craftedsw.domain.test.AmountTest">
  <properties>
[...]
</properties>
  <testcase time="0.005" classname="org.craftedsw.domain.test.AmountTest" name="should_be_equal_to_another_instance_containing_same_amount"/>
  <testcase time="0" classname="org.craftedsw.domain.test.AmountTest" name="should_be_different_from_another_instance_containing_different_amount"/>
  <testcase time="0" classname="org.craftedsw.domain.test.AmountTest" name="should_statically_initialise_an_amount"/>
  <testcase time="0" classname="org.craftedsw.domain.test.AmountTest" name="should_sum_up_amounts"/>
  <testcase time="0" classname="org.craftedsw.domain.test.AmountTest" name="should_indicate_when_it_is_greater_than_other_amount"/>
  <testcase time="0.001" classname="org.craftedsw.domain.test.AmountTest" name="should_indicate_when_it_is_not_greater_than_other_amount"/>
  <testcase time="0" classname="org.craftedsw.domain.test.AmountTest" name="should_return_the_absolute_value"/>
  <testcase time="0" classname="org.craftedsw.domain.test.AmountTest" name="should_return_the_negative_value"/>
  <testcase time="0.001" classname="org.craftedsw.domain.test.AmountTest" name="should_return_money_representation"/>
</testsuite>